<?xml version="1.0" encoding="UTF-8"?>
<!-- Generated by org.testng.reporters.JUnitXMLReporter -->
<testsuite ignored="0" hostname="AnuShish" failures="0" tests="3" name="Default test" time="4.607" errors="0" timestamp="2026-01-16T21:05:03 IST">
  <testcase classname="testcases.SchemaTests" name="testCartSchema" time="2.434"/>
  <testcase classname="testcases.SchemaTests" name="testProductSchema" time="0.535"/>
  <testcase classname="testcases.SchemaTests" name="testUserSchema" time="1.131"/>
</testsuite> <!-- Default test -->
