<?xml version="1.0" encoding="UTF-8"?>
<!-- Generated by org.testng.reporters.JUnitXMLReporter -->
<testsuite ignored="0" hostname="AnuShish" failures="0" tests="10" name="API Tests" time="6.954" errors="0" timestamp="2026-01-09T11:14:14 IST">
  <testcase classname="testcases.ProductTests" name="testAddNewProduct" time="2.087"/>
  <testcase classname="testcases.ProductTests" name="testDeleteProduct" time="0.509"/>
  <testcase classname="testcases.ProductTests" name="testGetAllCategories" time="0.471"/>
  <testcase classname="testcases.ProductTests" name="testGetAllProducts" time="0.537"/>
  <testcase classname="testcases.ProductTests" name="testGetLimitedProducts" time="0.481"/>
  <testcase classname="testcases.ProductTests" name="testGetProductById" time="0.463"/>
  <testcase classname="testcases.ProductTests" name="testGetProductsByCategory" time="0.479"/>
  <testcase classname="testcases.ProductTests" name="testGetSortedProductsAsc" time="0.464"/>
  <testcase classname="testcases.ProductTests" name="testGetSortedProductsDesc" time="0.478"/>
  <testcase classname="testcases.ProductTests" name="testUpdateProduct" time="0.476"/>
</testsuite> <!-- API Tests -->
