<?xml version="1.0" encoding="UTF-8"?>
<!-- Generated by org.testng.reporters.JUnitXMLReporter -->
<testsuite ignored="0" hostname="AnuShish" failures="0" tests="10" name="Cart Tests" time="6.969" errors="0" timestamp="2026-01-16T21:09:43 IST">
  <testcase classname="testcases.CartTests" name="testCreateCart" time="0.522"/>
  <testcase classname="testcases.CartTests" name="testDeleteCart" time="0.576"/>
  <testcase classname="testcases.CartTests" name="testGetAllCarts" time="1.235"/>
  <testcase classname="testcases.CartTests" name="testGetCartById" time="0.549"/>
  <testcase classname="testcases.CartTests" name="testGetCartsByDateRange" time="0.585"/>
  <testcase classname="testcases.CartTests" name="testGetCartsSortedAsc" time="0.609"/>
  <testcase classname="testcases.CartTests" name="testGetCartsSortedDesc" time="0.617"/>
  <testcase classname="testcases.CartTests" name="testGetCartsWithLimit" time="0.606"/>
  <testcase classname="testcases.CartTests" name="testGetUserCart" time="1.119"/>
  <testcase classname="testcases.CartTests" name="testUpdateCart" time="0.518"/>
</testsuite> <!-- Cart Tests -->
