<?xml version="1.0" encoding="UTF-8"?>
<!-- Generated by org.testng.reporters.JUnitXMLReporter -->
<testsuite ignored="0" hostname="AnuShish" failures="0" tests="10" name="Product Tests" time="8.854" errors="0" timestamp="2026-01-16T21:09:36 IST">
  <testcase classname="testcases.ProductTests" name="testAddNewProduct" time="2.839"/>
  <testcase classname="testcases.ProductTests" name="testDeleteProduct" time="0.494"/>
  <testcase classname="testcases.ProductTests" name="testGetAllCategories" time="0.477"/>
  <testcase classname="testcases.ProductTests" name="testGetAllProducts" time="0.563"/>
  <testcase classname="testcases.ProductTests" name="testGetLimitedProducts" time="0.569"/>
  <testcase classname="testcases.ProductTests" name="testGetProductById" time="0.836"/>
  <testcase classname="testcases.ProductTests" name="testGetProductsByCategory" time="0.486"/>
  <testcase classname="testcases.ProductTests" name="testGetSortedProductsAsc" time="0.506"/>
  <testcase classname="testcases.ProductTests" name="testGetSortedProductsDesc" time="0.459"/>
  <testcase classname="testcases.ProductTests" name="testUpdateProduct" time="0.837"/>
</testsuite> <!-- Product Tests -->
