<?xml version="1.0" encoding="UTF-8"?>
<!-- Generated by org.testng.reporters.JUnitXMLReporter -->
<testsuite ignored="0" hostname="AnuShish" failures="0" tests="8" name="User Tests" time="8.472" errors="0" timestamp="2026-01-16T21:09:36 IST">
  <testcase classname="testcases.UserTests" name="testCreateUser" time="2.839"/>
  <testcase classname="testcases.UserTests" name="testDeleteUser" time="0.599"/>
  <testcase classname="testcases.UserTests" name="testGetAllUsers" time="0.999"/>
  <testcase classname="testcases.UserTests" name="testGetSortedUsersAsc" time="1.024"/>
  <testcase classname="testcases.UserTests" name="testGetSortedUsersDesc" time="0.581"/>
  <testcase classname="testcases.UserTests" name="testGetUserById" time="0.538"/>
  <testcase classname="testcases.UserTests" name="testGetUserWithLimit" time="0.572"/>
  <testcase classname="testcases.UserTests" name="testUpdateUser" time="0.535"/>
</testsuite> <!-- User Tests -->
