<?xml version="1.0" encoding="UTF-8"?>
<!-- Generated by org.testng.reporters.JUnitXMLReporter -->
<testsuite ignored="0" hostname="AnuShish" failures="0" tests="10" name="Product Tests" time="7.829" errors="0" timestamp="2026-01-16T21:25:38 IST">
  <testcase classname="testcases.ProductTests" name="testAddNewProduct" time="2.545"/>
  <testcase classname="testcases.ProductTests" name="testDeleteProduct" time="0.552"/>
  <testcase classname="testcases.ProductTests" name="testGetAllCategories" time="0.53"/>
  <testcase classname="testcases.ProductTests" name="testGetAllProducts" time="0.516"/>
  <testcase classname="testcases.ProductTests" name="testGetLimitedProducts" time="0.492"/>
  <testcase classname="testcases.ProductTests" name="testGetProductById" time="0.488"/>
  <testcase classname="testcases.ProductTests" name="testGetProductsByCategory" time="0.554"/>
  <testcase classname="testcases.ProductTests" name="testGetSortedProductsAsc" time="0.597"/>
  <testcase classname="testcases.ProductTests" name="testGetSortedProductsDesc" time="0.476"/>
  <testcase classname="testcases.ProductTests" name="testUpdateProduct" time="0.528"/>
</testsuite> <!-- Product Tests -->
