<?xml version="1.0" encoding="UTF-8"?>
<!-- Generated by org.testng.reporters.JUnitXMLReporter -->
<testsuite ignored="0" hostname="AnuShish" failures="0" tests="3" name="Schema Tests" time="1.835" errors="0" timestamp="2026-01-16T21:25:43 IST">
  <testcase classname="testcases.SchemaTests" name="testCartSchema" time="0.806"/>
  <testcase classname="testcases.SchemaTests" name="testProductSchema" time="0.465"/>
  <testcase classname="testcases.SchemaTests" name="testUserSchema" time="0.557"/>
</testsuite> <!-- Schema Tests -->
