<?xml version="1.0" encoding="UTF-8"?>
<testng-results ignored="0" total="33" passed="33" failed="0" skipped="0">
  <reporter-output>
  </reporter-output>
  <suite started-at="2026-01-16T21:25:30 IST" name="API TestSuite" finished-at="2026-01-16T21:25:44 IST" duration-ms="13766">
    <groups>
    </groups>
    <test started-at="2026-01-16T21:25:30 IST" name="Product Tests" finished-at="2026-01-16T21:25:38 IST" duration-ms="7829">
      <class name="testcases.ProductTests">
        <test-method is-config="true" signature="setup()[pri:0, instance:testcases.ProductTests@26e356f0]" started-at="2026-01-16T21:25:30 IST" name="setup" finished-at="2026-01-16T21:25:31 IST" duration-ms="290" status="PASS">
          <reporter-output>
          </reporter-output>
        </test-method> <!-- setup -->
        <test-method signature="testAddNewProduct()[pri:0, instance:testcases.ProductTests@26e356f0]" started-at="2026-01-16T21:25:31 IST" name="testAddNewProduct" finished-at="2026-01-16T21:25:33 IST" duration-ms="2545" status="PASS">
          <reporter-output>
          </reporter-output>
        </test-method> <!-- testAddNewProduct -->
        <test-method signature="testDeleteProduct()[pri:0, instance:testcases.ProductTests@26e356f0]" started-at="2026-01-16T21:25:33 IST" name="testDeleteProduct" finished-at="2026-01-16T21:25:34 IST" duration-ms="552" status="PASS">
          <reporter-output>
          </reporter-output>
        </test-method> <!-- testDeleteProduct -->
        <test-method signature="testGetAllCategories()[pri:0, instance:testcases.ProductTests@26e356f0]" started-at="2026-01-16T21:25:34 IST" name="testGetAllCategories" finished-at="2026-01-16T21:25:34 IST" duration-ms="530" status="PASS">
          <reporter-output>
          </reporter-output>
        </test-method> <!-- testGetAllCategories -->
        <test-method signature="testGetAllProducts()[pri:0, instance:testcases.ProductTests@26e356f0]" started-at="2026-01-16T21:25:34 IST" name="testGetAllProducts" finished-at="2026-01-16T21:25:35 IST" duration-ms="516" status="PASS">
          <reporter-output>
          </reporter-output>
        </test-method> <!-- testGetAllProducts -->
        <test-method signature="testGetLimitedProducts()[pri:0, instance:testcases.ProductTests@26e356f0]" started-at="2026-01-16T21:25:35 IST" name="testGetLimitedProducts" finished-at="2026-01-16T21:25:35 IST" duration-ms="492" status="PASS">
          <reporter-output>
          </reporter-output>
        </test-method> <!-- testGetLimitedProducts -->
        <test-method signature="testGetProductById()[pri:0, instance:testcases.ProductTests@26e356f0]" started-at="2026-01-16T21:25:35 IST" name="testGetProductById" finished-at="2026-01-16T21:25:36 IST" duration-ms="488" status="PASS">
          <reporter-output>
          </reporter-output>
        </test-method> <!-- testGetProductById -->
        <test-method signature="testGetProductsByCategory()[pri:0, instance:testcases.ProductTests@26e356f0]" started-at="2026-01-16T21:25:36 IST" name="testGetProductsByCategory" finished-at="2026-01-16T21:25:36 IST" duration-ms="554" status="PASS">
          <reporter-output>
          </reporter-output>
        </test-method> <!-- testGetProductsByCategory -->
        <test-method signature="testGetSortedProductsAsc()[pri:0, instance:testcases.ProductTests@26e356f0]" started-at="2026-01-16T21:25:36 IST" name="testGetSortedProductsAsc" finished-at="2026-01-16T21:25:37 IST" duration-ms="597" status="PASS">
          <reporter-output>
          </reporter-output>
        </test-method> <!-- testGetSortedProductsAsc -->
        <test-method signature="testGetSortedProductsDesc()[pri:0, instance:testcases.ProductTests@26e356f0]" started-at="2026-01-16T21:25:37 IST" name="testGetSortedProductsDesc" finished-at="2026-01-16T21:25:37 IST" duration-ms="476" status="PASS">
          <reporter-output>
          </reporter-output>
        </test-method> <!-- testGetSortedProductsDesc -->
        <test-method signature="testUpdateProduct()[pri:0, instance:testcases.ProductTests@26e356f0]" started-at="2026-01-16T21:25:37 IST" name="testUpdateProduct" finished-at="2026-01-16T21:25:38 IST" duration-ms="528" status="PASS">
          <reporter-output>
          </reporter-output>
        </test-method> <!-- testUpdateProduct -->
      </class> <!-- testcases.ProductTests -->
    </test> <!-- Product Tests -->
    <test started-at="2026-01-16T21:25:30 IST" name="User Tests" finished-at="2026-01-16T21:25:39 IST" duration-ms="8859">
      <class name="testcases.UserTests">
        <test-method is-config="true" signature="setup()[pri:0, instance:testcases.UserTests@20140db9]" started-at="2026-01-16T21:25:30 IST" name="setup" finished-at="2026-01-16T21:25:31 IST" duration-ms="290" status="PASS">
          <reporter-output>
          </reporter-output>
        </test-method> <!-- setup -->
        <test-method signature="testCreateUser()[pri:0, instance:testcases.UserTests@20140db9]" started-at="2026-01-16T21:25:31 IST" name="testCreateUser" finished-at="2026-01-16T21:25:33 IST" duration-ms="2545" status="PASS">
          <reporter-output>
          </reporter-output>
        </test-method> <!-- testCreateUser -->
        <test-method signature="testDeleteUser()[pri:0, instance:testcases.UserTests@20140db9]" started-at="2026-01-16T21:25:33 IST" name="testDeleteUser" finished-at="2026-01-16T21:25:34 IST" duration-ms="598" status="PASS">
          <reporter-output>
          </reporter-output>
        </test-method> <!-- testDeleteUser -->
        <test-method signature="testGetAllUsers()[pri:0, instance:testcases.UserTests@20140db9]" started-at="2026-01-16T21:25:34 IST" name="testGetAllUsers" finished-at="2026-01-16T21:25:34 IST" duration-ms="584" status="PASS">
          <reporter-output>
          </reporter-output>
        </test-method> <!-- testGetAllUsers -->
        <test-method signature="testGetSortedUsersAsc()[pri:0, instance:testcases.UserTests@20140db9]" started-at="2026-01-16T21:25:34 IST" name="testGetSortedUsersAsc" finished-at="2026-01-16T21:25:35 IST" duration-ms="589" status="PASS">
          <reporter-output>
          </reporter-output>
        </test-method> <!-- testGetSortedUsersAsc -->
        <test-method signature="testGetSortedUsersDesc()[pri:0, instance:testcases.UserTests@20140db9]" started-at="2026-01-16T21:25:35 IST" name="testGetSortedUsersDesc" finished-at="2026-01-16T21:25:37 IST" duration-ms="2435" status="PASS">
          <reporter-output>
          </reporter-output>
        </test-method> <!-- testGetSortedUsersDesc -->
        <test-method signature="testGetUserById()[pri:0, instance:testcases.UserTests@20140db9]" started-at="2026-01-16T21:25:37 IST" name="testGetUserById" finished-at="2026-01-16T21:25:38 IST" duration-ms="548" status="PASS">
          <reporter-output>
          </reporter-output>
        </test-method> <!-- testGetUserById -->
        <test-method signature="testGetUserWithLimit()[pri:0, instance:testcases.UserTests@20140db9]" started-at="2026-01-16T21:25:38 IST" name="testGetUserWithLimit" finished-at="2026-01-16T21:25:38 IST" duration-ms="559" status="PASS">
          <reporter-output>
          </reporter-output>
        </test-method> <!-- testGetUserWithLimit -->
        <test-method signature="testUpdateUser()[pri:0, instance:testcases.UserTests@20140db9]" started-at="2026-01-16T21:25:38 IST" name="testUpdateUser" finished-at="2026-01-16T21:25:39 IST" duration-ms="455" status="PASS">
          <reporter-output>
          </reporter-output>
        </test-method> <!-- testUpdateUser -->
      </class> <!-- testcases.UserTests -->
    </test> <!-- User Tests -->
    <test started-at="2026-01-16T21:25:39 IST" name="Auth Tests" finished-at="2026-01-16T21:25:41 IST" duration-ms="2531">
      <class name="testcases.LoginTests">
        <test-method is-config="true" signature="setup()[pri:0, instance:testcases.LoginTests@298a5e20]" started-at="2026-01-16T21:25:39 IST" name="setup" finished-at="2026-01-16T21:25:39 IST" duration-ms="0" status="PASS">
          <reporter-output>
          </reporter-output>
        </test-method> <!-- setup -->
        <test-method signature="testInvalidUserLogin()[pri:0, instance:testcases.LoginTests@298a5e20]" started-at="2026-01-16T21:25:39 IST" name="testInvalidUserLogin" finished-at="2026-01-16T21:25:40 IST" duration-ms="1203" status="PASS">
          <reporter-output>
          </reporter-output>
        </test-method> <!-- testInvalidUserLogin -->
        <test-method signature="testValidUserLogin()[pri:0, instance:testcases.LoginTests@298a5e20]" started-at="2026-01-16T21:25:40 IST" name="testValidUserLogin" finished-at="2026-01-16T21:25:41 IST" duration-ms="1320" status="PASS">
          <reporter-output>
          </reporter-output>
        </test-method> <!-- testValidUserLogin -->
      </class> <!-- testcases.LoginTests -->
    </test> <!-- Auth Tests -->
    <test started-at="2026-01-16T21:25:42 IST" name="Schema Tests" finished-at="2026-01-16T21:25:43 IST" duration-ms="1835">
      <class name="testcases.SchemaTests">
        <test-method is-config="true" signature="setup()[pri:0, instance:testcases.SchemaTests@11392934]" started-at="2026-01-16T21:25:42 IST" name="setup" finished-at="2026-01-16T21:25:42 IST" duration-ms="1" status="PASS">
          <reporter-output>
          </reporter-output>
        </test-method> <!-- setup -->
        <test-method signature="testCartSchema()[pri:0, instance:testcases.SchemaTests@11392934]" started-at="2026-01-16T21:25:42 IST" name="testCartSchema" finished-at="2026-01-16T21:25:42 IST" duration-ms="806" status="PASS">
          <reporter-output>
          </reporter-output>
        </test-method> <!-- testCartSchema -->
        <test-method signature="testProductSchema()[pri:0, instance:testcases.SchemaTests@11392934]" started-at="2026-01-16T21:25:42 IST" name="testProductSchema" finished-at="2026-01-16T21:25:43 IST" duration-ms="465" status="PASS">
          <reporter-output>
          </reporter-output>
        </test-method> <!-- testProductSchema -->
        <test-method signature="testUserSchema()[pri:0, instance:testcases.SchemaTests@11392934]" started-at="2026-01-16T21:25:43 IST" name="testUserSchema" finished-at="2026-01-16T21:25:43 IST" duration-ms="557" status="PASS">
          <reporter-output>
          </reporter-output>
        </test-method> <!-- testUserSchema -->
      </class> <!-- testcases.SchemaTests -->
    </test> <!-- Schema Tests -->
    <test started-at="2026-01-16T21:25:38 IST" name="Cart Tests" finished-at="2026-01-16T21:25:44 IST" duration-ms="5645">
      <class name="testcases.CartTests">
        <test-method is-config="true" signature="setup()[pri:0, instance:testcases.CartTests@5ab956d7]" started-at="2026-01-16T21:25:38 IST" name="setup" finished-at="2026-01-16T21:25:38 IST" duration-ms="2" status="PASS">
          <reporter-output>
          </reporter-output>
        </test-method> <!-- setup -->
        <test-method signature="testCreateCart()[pri:0, instance:testcases.CartTests@5ab956d7]" started-at="2026-01-16T21:25:38 IST" name="testCreateCart" finished-at="2026-01-16T21:25:39 IST" duration-ms="483" status="PASS">
          <reporter-output>
          </reporter-output>
        </test-method> <!-- testCreateCart -->
        <test-method signature="testDeleteCart()[pri:0, instance:testcases.CartTests@5ab956d7]" started-at="2026-01-16T21:25:39 IST" name="testDeleteCart" finished-at="2026-01-16T21:25:39 IST" duration-ms="536" status="PASS">
          <reporter-output>
          </reporter-output>
        </test-method> <!-- testDeleteCart -->
        <test-method signature="testGetAllCarts()[pri:0, instance:testcases.CartTests@5ab956d7]" started-at="2026-01-16T21:25:39 IST" name="testGetAllCarts" finished-at="2026-01-16T21:25:40 IST" duration-ms="571" status="PASS">
          <reporter-output>
          </reporter-output>
        </test-method> <!-- testGetAllCarts -->
        <test-method signature="testGetCartById()[pri:0, instance:testcases.CartTests@5ab956d7]" started-at="2026-01-16T21:25:40 IST" name="testGetCartById" finished-at="2026-01-16T21:25:40 IST" duration-ms="554" status="PASS">
          <reporter-output>
          </reporter-output>
        </test-method> <!-- testGetCartById -->
        <test-method signature="testGetCartsByDateRange()[pri:0, instance:testcases.CartTests@5ab956d7]" started-at="2026-01-16T21:25:40 IST" name="testGetCartsByDateRange" finished-at="2026-01-16T21:25:41 IST" duration-ms="633" status="PASS">
          <reporter-output>
          </reporter-output>
        </test-method> <!-- testGetCartsByDateRange -->
        <test-method signature="testGetCartsSortedAsc()[pri:0, instance:testcases.CartTests@5ab956d7]" started-at="2026-01-16T21:25:41 IST" name="testGetCartsSortedAsc" finished-at="2026-01-16T21:25:42 IST" duration-ms="556" status="PASS">
          <reporter-output>
          </reporter-output>
        </test-method> <!-- testGetCartsSortedAsc -->
        <test-method signature="testGetCartsSortedDesc()[pri:0, instance:testcases.CartTests@5ab956d7]" started-at="2026-01-16T21:25:42 IST" name="testGetCartsSortedDesc" finished-at="2026-01-16T21:25:42 IST" duration-ms="573" status="PASS">
          <reporter-output>
          </reporter-output>
        </test-method> <!-- testGetCartsSortedDesc -->
        <test-method signature="testGetCartsWithLimit()[pri:0, instance:testcases.CartTests@5ab956d7]" started-at="2026-01-16T21:25:42 IST" name="testGetCartsWithLimit" finished-at="2026-01-16T21:25:43 IST" duration-ms="557" status="PASS">
          <reporter-output>
          </reporter-output>
        </test-method> <!-- testGetCartsWithLimit -->
        <test-method signature="testGetUserCart()[pri:0, instance:testcases.CartTests@5ab956d7]" started-at="2026-01-16T21:25:43 IST" name="testGetUserCart" finished-at="2026-01-16T21:25:43 IST" duration-ms="633" status="PASS">
          <reporter-output>
          </reporter-output>
        </test-method> <!-- testGetUserCart -->
        <test-method signature="testUpdateCart()[pri:0, instance:testcases.CartTests@5ab956d7]" started-at="2026-01-16T21:25:43 IST" name="testUpdateCart" finished-at="2026-01-16T21:25:44 IST" duration-ms="522" status="PASS">
          <reporter-output>
          </reporter-output>
        </test-method> <!-- testUpdateCart -->
      </class> <!-- testcases.CartTests -->
    </test> <!-- Cart Tests -->
  </suite> <!-- API TestSuite -->
</testng-results>
