<?xml version="1.0" encoding="UTF-8"?>
<testng-results ignored="0" total="33" passed="33" failed="0" skipped="0">
  <reporter-output>
  </reporter-output>
  <suite started-at="2026-01-16T21:09:27 IST" name="API TestSuite" finished-at="2026-01-16T21:09:43 IST" duration-ms="15750">
    <groups>
    </groups>
    <test started-at="2026-01-16T21:09:27 IST" name="User Tests" finished-at="2026-01-16T21:09:36 IST" duration-ms="8472">
      <class name="testcases.UserTests">
        <test-method is-config="true" signature="setup()[pri:0, instance:testcases.UserTests@28194a50]" started-at="2026-01-16T21:09:28 IST" name="setup" finished-at="2026-01-16T21:09:28 IST" duration-ms="347" status="PASS">
          <reporter-output>
          </reporter-output>
        </test-method> <!-- setup -->
        <test-method signature="testCreateUser()[pri:0, instance:testcases.UserTests@28194a50]" started-at="2026-01-16T21:09:28 IST" name="testCreateUser" finished-at="2026-01-16T21:09:31 IST" duration-ms="2839" status="PASS">
          <reporter-output>
          </reporter-output>
        </test-method> <!-- testCreateUser -->
        <test-method signature="testDeleteUser()[pri:0, instance:testcases.UserTests@28194a50]" started-at="2026-01-16T21:09:31 IST" name="testDeleteUser" finished-at="2026-01-16T21:09:32 IST" duration-ms="599" status="PASS">
          <reporter-output>
          </reporter-output>
        </test-method> <!-- testDeleteUser -->
        <test-method signature="testGetAllUsers()[pri:0, instance:testcases.UserTests@28194a50]" started-at="2026-01-16T21:09:32 IST" name="testGetAllUsers" finished-at="2026-01-16T21:09:33 IST" duration-ms="999" status="PASS">
          <reporter-output>
          </reporter-output>
        </test-method> <!-- testGetAllUsers -->
        <test-method signature="testGetSortedUsersAsc()[pri:0, instance:testcases.UserTests@28194a50]" started-at="2026-01-16T21:09:33 IST" name="testGetSortedUsersAsc" finished-at="2026-01-16T21:09:34 IST" duration-ms="1024" status="PASS">
          <reporter-output>
          </reporter-output>
        </test-method> <!-- testGetSortedUsersAsc -->
        <test-method signature="testGetSortedUsersDesc()[pri:0, instance:testcases.UserTests@28194a50]" started-at="2026-01-16T21:09:34 IST" name="testGetSortedUsersDesc" finished-at="2026-01-16T21:09:34 IST" duration-ms="581" status="PASS">
          <reporter-output>
          </reporter-output>
        </test-method> <!-- testGetSortedUsersDesc -->
        <test-method signature="testGetUserById()[pri:0, instance:testcases.UserTests@28194a50]" started-at="2026-01-16T21:09:34 IST" name="testGetUserById" finished-at="2026-01-16T21:09:35 IST" duration-ms="538" status="PASS">
          <reporter-output>
          </reporter-output>
        </test-method> <!-- testGetUserById -->
        <test-method signature="testGetUserWithLimit()[pri:0, instance:testcases.UserTests@28194a50]" started-at="2026-01-16T21:09:35 IST" name="testGetUserWithLimit" finished-at="2026-01-16T21:09:35 IST" duration-ms="572" status="PASS">
          <reporter-output>
          </reporter-output>
        </test-method> <!-- testGetUserWithLimit -->
        <test-method signature="testUpdateUser()[pri:0, instance:testcases.UserTests@28194a50]" started-at="2026-01-16T21:09:35 IST" name="testUpdateUser" finished-at="2026-01-16T21:09:36 IST" duration-ms="535" status="PASS">
          <reporter-output>
          </reporter-output>
        </test-method> <!-- testUpdateUser -->
      </class> <!-- testcases.UserTests -->
    </test> <!-- User Tests -->
    <test started-at="2026-01-16T21:09:27 IST" name="Product Tests" finished-at="2026-01-16T21:09:36 IST" duration-ms="8854">
      <class name="testcases.ProductTests">
        <test-method is-config="true" signature="setup()[pri:0, instance:testcases.ProductTests@2d0399f4]" started-at="2026-01-16T21:09:28 IST" name="setup" finished-at="2026-01-16T21:09:28 IST" duration-ms="347" status="PASS">
          <reporter-output>
          </reporter-output>
        </test-method> <!-- setup -->
        <test-method signature="testAddNewProduct()[pri:0, instance:testcases.ProductTests@2d0399f4]" started-at="2026-01-16T21:09:28 IST" name="testAddNewProduct" finished-at="2026-01-16T21:09:31 IST" duration-ms="2839" status="PASS">
          <reporter-output>
          </reporter-output>
        </test-method> <!-- testAddNewProduct -->
        <test-method signature="testDeleteProduct()[pri:0, instance:testcases.ProductTests@2d0399f4]" started-at="2026-01-16T21:09:31 IST" name="testDeleteProduct" finished-at="2026-01-16T21:09:32 IST" duration-ms="494" status="PASS">
          <reporter-output>
          </reporter-output>
        </test-method> <!-- testDeleteProduct -->
        <test-method signature="testGetAllCategories()[pri:0, instance:testcases.ProductTests@2d0399f4]" started-at="2026-01-16T21:09:32 IST" name="testGetAllCategories" finished-at="2026-01-16T21:09:32 IST" duration-ms="477" status="PASS">
          <reporter-output>
          </reporter-output>
        </test-method> <!-- testGetAllCategories -->
        <test-method signature="testGetAllProducts()[pri:0, instance:testcases.ProductTests@2d0399f4]" started-at="2026-01-16T21:09:32 IST" name="testGetAllProducts" finished-at="2026-01-16T21:09:33 IST" duration-ms="563" status="PASS">
          <reporter-output>
          </reporter-output>
        </test-method> <!-- testGetAllProducts -->
        <test-method signature="testGetLimitedProducts()[pri:0, instance:testcases.ProductTests@2d0399f4]" started-at="2026-01-16T21:09:33 IST" name="testGetLimitedProducts" finished-at="2026-01-16T21:09:33 IST" duration-ms="569" status="PASS">
          <reporter-output>
          </reporter-output>
        </test-method> <!-- testGetLimitedProducts -->
        <test-method signature="testGetProductById()[pri:0, instance:testcases.ProductTests@2d0399f4]" started-at="2026-01-16T21:09:33 IST" name="testGetProductById" finished-at="2026-01-16T21:09:34 IST" duration-ms="836" status="PASS">
          <reporter-output>
          </reporter-output>
        </test-method> <!-- testGetProductById -->
        <test-method signature="testGetProductsByCategory()[pri:0, instance:testcases.ProductTests@2d0399f4]" started-at="2026-01-16T21:09:34 IST" name="testGetProductsByCategory" finished-at="2026-01-16T21:09:35 IST" duration-ms="486" status="PASS">
          <reporter-output>
          </reporter-output>
        </test-method> <!-- testGetProductsByCategory -->
        <test-method signature="testGetSortedProductsAsc()[pri:0, instance:testcases.ProductTests@2d0399f4]" started-at="2026-01-16T21:09:35 IST" name="testGetSortedProductsAsc" finished-at="2026-01-16T21:09:35 IST" duration-ms="506" status="PASS">
          <reporter-output>
          </reporter-output>
        </test-method> <!-- testGetSortedProductsAsc -->
        <test-method signature="testGetSortedProductsDesc()[pri:0, instance:testcases.ProductTests@2d0399f4]" started-at="2026-01-16T21:09:35 IST" name="testGetSortedProductsDesc" finished-at="2026-01-16T21:09:35 IST" duration-ms="459" status="PASS">
          <reporter-output>
          </reporter-output>
        </test-method> <!-- testGetSortedProductsDesc -->
        <test-method signature="testUpdateProduct()[pri:0, instance:testcases.ProductTests@2d0399f4]" started-at="2026-01-16T21:09:35 IST" name="testUpdateProduct" finished-at="2026-01-16T21:09:36 IST" duration-ms="837" status="PASS">
          <reporter-output>
          </reporter-output>
        </test-method> <!-- testUpdateProduct -->
      </class> <!-- testcases.ProductTests -->
    </test> <!-- Product Tests -->
    <test started-at="2026-01-16T21:09:36 IST" name="Auth Tests" finished-at="2026-01-16T21:09:38 IST" duration-ms="1737">
      <class name="testcases.LoginTests">
        <test-method is-config="true" signature="setup()[pri:0, instance:testcases.LoginTests@68878f6d]" started-at="2026-01-16T21:09:36 IST" name="setup" finished-at="2026-01-16T21:09:36 IST" duration-ms="0" status="PASS">
          <reporter-output>
          </reporter-output>
        </test-method> <!-- setup -->
        <test-method signature="testInvalidUserLogin()[pri:0, instance:testcases.LoginTests@68878f6d]" started-at="2026-01-16T21:09:36 IST" name="testInvalidUserLogin" finished-at="2026-01-16T21:09:37 IST" duration-ms="1043" status="PASS">
          <reporter-output>
          </reporter-output>
        </test-method> <!-- testInvalidUserLogin -->
        <test-method signature="testValidUserLogin()[pri:0, instance:testcases.LoginTests@68878f6d]" started-at="2026-01-16T21:09:37 IST" name="testValidUserLogin" finished-at="2026-01-16T21:09:38 IST" duration-ms="685" status="PASS">
          <reporter-output>
          </reporter-output>
        </test-method> <!-- testValidUserLogin -->
      </class> <!-- testcases.LoginTests -->
    </test> <!-- Auth Tests -->
    <test started-at="2026-01-16T21:09:38 IST" name="Schema Tests" finished-at="2026-01-16T21:09:40 IST" duration-ms="1786">
      <class name="testcases.SchemaTests">
        <test-method is-config="true" signature="setup()[pri:0, instance:testcases.SchemaTests@238d68ff]" started-at="2026-01-16T21:09:38 IST" name="setup" finished-at="2026-01-16T21:09:38 IST" duration-ms="1" status="PASS">
          <reporter-output>
          </reporter-output>
        </test-method> <!-- setup -->
        <test-method signature="testCartSchema()[pri:0, instance:testcases.SchemaTests@238d68ff]" started-at="2026-01-16T21:09:38 IST" name="testCartSchema" finished-at="2026-01-16T21:09:39 IST" duration-ms="757" status="PASS">
          <reporter-output>
          </reporter-output>
        </test-method> <!-- testCartSchema -->
        <test-method signature="testProductSchema()[pri:0, instance:testcases.SchemaTests@238d68ff]" started-at="2026-01-16T21:09:39 IST" name="testProductSchema" finished-at="2026-01-16T21:09:39 IST" duration-ms="458" status="PASS">
          <reporter-output>
          </reporter-output>
        </test-method> <!-- testProductSchema -->
        <test-method signature="testUserSchema()[pri:0, instance:testcases.SchemaTests@238d68ff]" started-at="2026-01-16T21:09:39 IST" name="testUserSchema" finished-at="2026-01-16T21:09:40 IST" duration-ms="561" status="PASS">
          <reporter-output>
          </reporter-output>
        </test-method> <!-- testUserSchema -->
      </class> <!-- testcases.SchemaTests -->
    </test> <!-- Schema Tests -->
    <test started-at="2026-01-16T21:09:36 IST" name="Cart Tests" finished-at="2026-01-16T21:09:43 IST" duration-ms="6969">
      <class name="testcases.CartTests">
        <test-method is-config="true" signature="setup()[pri:0, instance:testcases.CartTests@4a07d605]" started-at="2026-01-16T21:09:36 IST" name="setup" finished-at="2026-01-16T21:09:36 IST" duration-ms="1" status="PASS">
          <reporter-output>
          </reporter-output>
        </test-method> <!-- setup -->
        <test-method signature="testCreateCart()[pri:0, instance:testcases.CartTests@4a07d605]" started-at="2026-01-16T21:09:36 IST" name="testCreateCart" finished-at="2026-01-16T21:09:37 IST" duration-ms="522" status="PASS">
          <reporter-output>
          </reporter-output>
        </test-method> <!-- testCreateCart -->
        <test-method signature="testDeleteCart()[pri:0, instance:testcases.CartTests@4a07d605]" started-at="2026-01-16T21:09:37 IST" name="testDeleteCart" finished-at="2026-01-16T21:09:37 IST" duration-ms="576" status="PASS">
          <reporter-output>
          </reporter-output>
        </test-method> <!-- testDeleteCart -->
        <test-method signature="testGetAllCarts()[pri:0, instance:testcases.CartTests@4a07d605]" started-at="2026-01-16T21:09:37 IST" name="testGetAllCarts" finished-at="2026-01-16T21:09:39 IST" duration-ms="1235" status="PASS">
          <reporter-output>
          </reporter-output>
        </test-method> <!-- testGetAllCarts -->
        <test-method signature="testGetCartById()[pri:0, instance:testcases.CartTests@4a07d605]" started-at="2026-01-16T21:09:39 IST" name="testGetCartById" finished-at="2026-01-16T21:09:39 IST" duration-ms="549" status="PASS">
          <reporter-output>
          </reporter-output>
        </test-method> <!-- testGetCartById -->
        <test-method signature="testGetCartsByDateRange()[pri:0, instance:testcases.CartTests@4a07d605]" started-at="2026-01-16T21:09:39 IST" name="testGetCartsByDateRange" finished-at="2026-01-16T21:09:40 IST" duration-ms="585" status="PASS">
          <reporter-output>
          </reporter-output>
        </test-method> <!-- testGetCartsByDateRange -->
        <test-method signature="testGetCartsSortedAsc()[pri:0, instance:testcases.CartTests@4a07d605]" started-at="2026-01-16T21:09:40 IST" name="testGetCartsSortedAsc" finished-at="2026-01-16T21:09:40 IST" duration-ms="609" status="PASS">
          <reporter-output>
          </reporter-output>
        </test-method> <!-- testGetCartsSortedAsc -->
        <test-method signature="testGetCartsSortedDesc()[pri:0, instance:testcases.CartTests@4a07d605]" started-at="2026-01-16T21:09:40 IST" name="testGetCartsSortedDesc" finished-at="2026-01-16T21:09:41 IST" duration-ms="617" status="PASS">
          <reporter-output>
          </reporter-output>
        </test-method> <!-- testGetCartsSortedDesc -->
        <test-method signature="testGetCartsWithLimit()[pri:0, instance:testcases.CartTests@4a07d605]" started-at="2026-01-16T21:09:41 IST" name="testGetCartsWithLimit" finished-at="2026-01-16T21:09:42 IST" duration-ms="606" status="PASS">
          <reporter-output>
          </reporter-output>
        </test-method> <!-- testGetCartsWithLimit -->
        <test-method signature="testGetUserCart()[pri:0, instance:testcases.CartTests@4a07d605]" started-at="2026-01-16T21:09:42 IST" name="testGetUserCart" finished-at="2026-01-16T21:09:43 IST" duration-ms="1119" status="PASS">
          <reporter-output>
          </reporter-output>
        </test-method> <!-- testGetUserCart -->
        <test-method signature="testUpdateCart()[pri:0, instance:testcases.CartTests@4a07d605]" started-at="2026-01-16T21:09:43 IST" name="testUpdateCart" finished-at="2026-01-16T21:09:43 IST" duration-ms="518" status="PASS">
          <reporter-output>
          </reporter-output>
        </test-method> <!-- testUpdateCart -->
      </class> <!-- testcases.CartTests -->
    </test> <!-- Cart Tests -->
  </suite> <!-- API TestSuite -->
</testng-results>
