<?xml version="1.0" encoding="UTF-8"?>
<!-- Generated by org.testng.reporters.JUnitReportReporter -->
<testsuite hostname="AnuShish" failures="0" tests="3" name="testcases.SchemaTests" time="1.776" errors="0" timestamp="2026-01-16T21:09:43 IST" skipped="0">
  <testcase classname="testcases.SchemaTests" name="testCartSchema" time="0.757"/>
  <testcase classname="testcases.SchemaTests" name="testUserSchema" time="0.561"/>
  <testcase classname="testcases.SchemaTests" name="testProductSchema" time="0.458"/>
</testsuite> <!-- testcases.SchemaTests -->
