<?xml version="1.0" encoding="UTF-8"?>
<!-- Generated by org.testng.reporters.JUnitReportReporter -->
<testsuite hostname="AnuShish" failures="0" tests="5" name="testcases.ProductDataDrivenTest" time="8.248" errors="0" timestamp="2026-01-08T11:08:59 IST" skipped="0">
  <testcase classname="testcases.ProductDataDrivenTest" name="testAddNewProduct" time="1.431"/>
  <testcase classname="testcases.ProductDataDrivenTest" name="testAddNewProduct" time="2.988"/>
  <testcase classname="testcases.ProductDataDrivenTest" name="testAddNewProduct" time="1.121"/>
  <testcase classname="testcases.ProductDataDrivenTest" name="testAddNewProduct" time="1.118"/>
  <testcase classname="testcases.ProductDataDrivenTest" name="testAddNewProduct" time="1.590"/>
</testsuite> <!-- testcases.ProductDataDrivenTest -->
