<?xml version="1.0" encoding="UTF-8"?>
<!-- Generated by org.testng.reporters.JUnitReportReporter -->
<testsuite hostname="AnuShish" failures="0" tests="8" name="testcases.UserTests" time="7.687" errors="0" timestamp="2026-01-16T21:09:43 IST" skipped="0">
  <testcase classname="testcases.UserTests" name="testGetSortedUsersAsc" time="1.024"/>
  <testcase classname="testcases.UserTests" name="testGetUserById" time="0.538"/>
  <testcase classname="testcases.UserTests" name="testCreateUser" time="2.839"/>
  <testcase classname="testcases.UserTests" name="testDeleteUser" time="0.599"/>
  <testcase classname="testcases.UserTests" name="testGetUserWithLimit" time="0.572"/>
  <testcase classname="testcases.UserTests" name="testGetAllUsers" time="0.999"/>
  <testcase classname="testcases.UserTests" name="testGetSortedUsersDesc" time="0.581"/>
  <testcase classname="testcases.UserTests" name="testUpdateUser" time="0.535"/>
</testsuite> <!-- testcases.UserTests -->
