<?xml version="1.0" encoding="UTF-8"?>
<!-- Generated by org.testng.reporters.JUnitReportReporter -->
<testsuite hostname="AnuShish" failures="0" tests="3" name="testcases.SchemaTests" time="1.828" errors="0" timestamp="2026-01-16T21:25:44 IST" skipped="0">
  <testcase classname="testcases.SchemaTests" name="testUserSchema" time="0.557"/>
  <testcase classname="testcases.SchemaTests" name="testCartSchema" time="0.806"/>
  <testcase classname="testcases.SchemaTests" name="testProductSchema" time="0.465"/>
</testsuite> <!-- testcases.SchemaTests -->
