<?xml version="1.0" encoding="UTF-8"?>
<!-- Generated by org.testng.reporters.JUnitReportReporter -->
<testsuite hostname="AnuShish" failures="0" tests="8" name="testcases.UserTests" time="8.313" errors="0" timestamp="2026-01-16T21:25:44 IST" skipped="0">
  <testcase classname="testcases.UserTests" name="testGetSortedUsersAsc" time="0.589"/>
  <testcase classname="testcases.UserTests" name="testGetUserById" time="0.548"/>
  <testcase classname="testcases.UserTests" name="testUpdateUser" time="0.455"/>
  <testcase classname="testcases.UserTests" name="testGetSortedUsersDesc" time="2.435"/>
  <testcase classname="testcases.UserTests" name="testGetUserWithLimit" time="0.559"/>
  <testcase classname="testcases.UserTests" name="testDeleteUser" time="0.598"/>
  <testcase classname="testcases.UserTests" name="testCreateUser" time="2.545"/>
  <testcase classname="testcases.UserTests" name="testGetAllUsers" time="0.584"/>
</testsuite> <!-- testcases.UserTests -->
