<?xml version="1.0" encoding="UTF-8"?>
<!-- Generated by org.testng.reporters.JUnitReportReporter -->
<testsuite hostname="AnuShish" failures="0" tests="10" name="testcases.ProductTests" time="7.278" errors="0" timestamp="2026-01-16T21:25:44 IST" skipped="0">
  <testcase classname="testcases.ProductTests" name="testGetSortedProductsAsc" time="0.597"/>
  <testcase classname="testcases.ProductTests" name="testUpdateProduct" time="0.528"/>
  <testcase classname="testcases.ProductTests" name="testGetProductsByCategory" time="0.554"/>
  <testcase classname="testcases.ProductTests" name="testGetSortedProductsDesc" time="0.476"/>
  <testcase classname="testcases.ProductTests" name="testGetAllCategories" time="0.530"/>
  <testcase classname="testcases.ProductTests" name="testAddNewProduct" time="2.545"/>
  <testcase classname="testcases.ProductTests" name="testGetAllProducts" time="0.516"/>
  <testcase classname="testcases.ProductTests" name="testGetLimitedProducts" time="0.492"/>
  <testcase classname="testcases.ProductTests" name="testDeleteProduct" time="0.552"/>
  <testcase classname="testcases.ProductTests" name="testGetProductById" time="0.488"/>
</testsuite> <!-- testcases.ProductTests -->
