<?xml version="1.0" encoding="UTF-8"?>
<!-- Generated by org.testng.reporters.JUnitReportReporter -->
<testsuite hostname="AnuShish" failures="0" tests="10" name="testcases.CartTests" time="5.618" errors="0" timestamp="2026-01-16T21:25:44 IST" skipped="0">
  <testcase classname="testcases.CartTests" name="testCreateCart" time="0.483"/>
  <testcase classname="testcases.CartTests" name="testGetCartsByDateRange" time="0.633"/>
  <testcase classname="testcases.CartTests" name="testGetCartsSortedAsc" time="0.556"/>
  <testcase classname="testcases.CartTests" name="testGetCartsWithLimit" time="0.557"/>
  <testcase classname="testcases.CartTests" name="testGetCartById" time="0.554"/>
  <testcase classname="testcases.CartTests" name="testGetCartsSortedDesc" time="0.573"/>
  <testcase classname="testcases.CartTests" name="testDeleteCart" time="0.536"/>
  <testcase classname="testcases.CartTests" name="testUpdateCart" time="0.522"/>
  <testcase classname="testcases.CartTests" name="testGetAllCarts" time="0.571"/>
  <testcase classname="testcases.CartTests" name="testGetUserCart" time="0.633"/>
</testsuite> <!-- testcases.CartTests -->
